<?xml version="1.0" encoding="UTF-8"?>
<testsuite xmlns:xsi="http://www.w3.org/2001/XMLSchema-instance" xsi:noNamespaceSchemaLocation="https://maven.apache.org/surefire/maven-surefire-plugin/xsd/surefire-test-report-3.0.xsd" version="3.0" name="com.Minor_Project.Count_it.CountItApplicationTests" time="16.549" tests="1" errors="0" skipped="0" failures="0">
  <properties>
[...]
</properties>
  <testcase name="contextLoads" classname="com.Minor_Project.Count_it.CountItApplicationTests" time="1.656">
    <system-out><![CDATA[20:00:06.318 [main] INFO org.springframework.test.context.support.AnnotationConfigContextLoaderUtils -- Could not detect default configuration classes for test class [com.Minor_Project.Count_it.CountItApplicationTests]: CountItApplicationTests does not declare any static, non-private, non-final, nested classes annotated with @Configuration.
20:00:06.735 [main] INFO org.springframework.boot.test.context.SpringBootTestContextBootstrapper -- Found @SpringBootConfiguration com.Minor_Project.Count_it.CountItApplication for test class com.Minor_Project.Count_it.CountItApplicationTests

  .   ____          _            __ _ _
 /\\ / ___'_ __ _ _(_)_ __  __ _ \ \ \ \
( ( )\___ | '_ | '_| | '_ \/ _` | \ \ \ \
 \\/  ___)| |_)| | | | | || (_| |  ) ) ) )
  '  |____| .__|_| |_|_| |_\__, | / / / /
 =========|_|==============|___/=/_/_/_/
 :: Spring Boot ::                (v3.1.4)

2024-10-25T20:00:09.017+05:30  INFO 11816 --- [           main] c.M.Count_it.CountItApplicationTests     : Starting CountItApplicationTests using Java 22.0.1 with PID 11816 (started by abhin in D:\Countit\back-end\Count-it)
2024-10-25T20:00:09.024+05:30  INFO 11816 --- [           main] c.M.Count_it.CountItApplicationTests     : No active profile set, falling back to 1 default profile: "default"
2024-10-25T20:00:10.916+05:30  INFO 11816 --- [           main] .s.d.r.c.RepositoryConfigurationDelegate : Multiple Spring Data modules found, entering strict repository configuration mode
2024-10-25T20:00:10.919+05:30  INFO 11816 --- [           main] .s.d.r.c.RepositoryConfigurationDelegate : Bootstrapping Spring Data JPA repositories in DEFAULT mode.
2024-10-25T20:00:11.018+05:30  INFO 11816 --- [           main] .RepositoryConfigurationExtensionSupport : Spring Data JPA - Could not safely identify store assignment for repository candidate interface com.Minor_Project.Count_it.Repositories.UserRepository; If you want this repository to be a JPA repository, consider annotating your entities with one of these annotations: jakarta.persistence.Entity, jakarta.persistence.MappedSuperclass (preferred), or consider extending one of the following types with your repository: org.springframework.data.jpa.repository.JpaRepository
2024-10-25T20:00:11.020+05:30  INFO 11816 --- [           main] .s.d.r.c.RepositoryConfigurationDelegate : Finished Spring Data repository scanning in 75 ms. Found 0 JPA repository interfaces.
2024-10-25T20:00:11.124+05:30  INFO 11816 --- [           main] .s.d.r.c.RepositoryConfigurationDelegate : Multiple Spring Data modules found, entering strict repository configuration mode
2024-10-25T20:00:11.125+05:30  INFO 11816 --- [           main] .s.d.r.c.RepositoryConfigurationDelegate : Bootstrapping Spring Data MongoDB repositories in DEFAULT mode.
2024-10-25T20:00:11.186+05:30  INFO 11816 --- [           main] .s.d.r.c.RepositoryConfigurationDelegate : Finished Spring Data repository scanning in 61 ms. Found 1 MongoDB repository interfaces.
2024-10-25T20:00:12.416+05:30  INFO 11816 --- [           main] com.zaxxer.hikari.HikariDataSource       : HikariPool-1 - Starting...
2024-10-25T20:00:12.857+05:30  INFO 11816 --- [           main] com.zaxxer.hikari.pool.HikariPool        : HikariPool-1 - Added connection conn0: url=jdbc:h2:mem:bdf0e88f-a749-4cf2-b43d-c281a1b15b07 user=SA
2024-10-25T20:00:12.861+05:30  INFO 11816 --- [           main] com.zaxxer.hikari.HikariDataSource       : HikariPool-1 - Start completed.
2024-10-25T20:00:13.009+05:30  INFO 11816 --- [           main] o.hibernate.jpa.internal.util.LogHelper  : HHH000204: Processing PersistenceUnitInfo [name: default]
2024-10-25T20:00:13.174+05:30  INFO 11816 --- [           main] org.hibernate.Version                    : HHH000412: Hibernate ORM core version 6.2.9.Final
2024-10-25T20:00:13.182+05:30  INFO 11816 --- [           main] org.hibernate.cfg.Environment            : HHH000406: Using bytecode reflection optimizer
2024-10-25T20:00:13.595+05:30  INFO 11816 --- [           main] o.h.b.i.BytecodeProviderInitiator        : HHH000021: Bytecode provider name : bytebuddy
2024-10-25T20:00:13.964+05:30  INFO 11816 --- [           main] o.s.o.j.p.SpringPersistenceUnitInfo      : No LoadTimeWeaver setup: ignoring JPA class transformer
2024-10-25T20:00:14.293+05:30  INFO 11816 --- [           main] o.h.b.i.BytecodeProviderInitiator        : HHH000021: Bytecode provider name : bytebuddy
2024-10-25T20:00:14.787+05:30  INFO 11816 --- [           main] o.h.e.t.j.p.i.JtaPlatformInitiator       : HHH000490: Using JtaPlatform implementation: [org.hibernate.engine.transaction.jta.platform.internal.NoJtaPlatform]
2024-10-25T20:00:14.806+05:30  INFO 11816 --- [           main] j.LocalContainerEntityManagerFactoryBean : Initialized JPA EntityManagerFactory for persistence unit 'default'
2024-10-25T20:00:15.566+05:30  INFO 11816 --- [yhw.mongodb.net] org.mongodb.driver.cluster               : Adding discovered server count-shard-00-00.4kyhw.mongodb.net:27017 to client view of cluster
2024-10-25T20:00:15.610+05:30  INFO 11816 --- [           main] org.mongodb.driver.client                : MongoClient with metadata {"driver": {"name": "mongo-java-driver|sync|spring-boot", "version": "4.9.1"}, "os": {"type": "Windows", "name": "Windows 11", "architecture": "amd64", "version": "10.0"}, "platform": "Java/Oracle Corporation/22.0.1+8-16"} created with settings MongoClientSettings{readPreference=primary, writeConcern=WriteConcern{w=majority, wTimeout=null ms, journal=null}, retryWrites=true, retryReads=true, readConcern=ReadConcern{level=null}, credential=MongoCredential{mechanism=null, userName='abhi', source='admin', password=<hidden>, mechanismProperties=<hidden>}, streamFactoryFactory=null, commandListeners=[], codecRegistry=ProvidersCodecRegistry{codecProviders=[ValueCodecProvider{}, BsonValueCodecProvider{}, DBRefCodecProvider{}, DBObjectCodecProvider{}, DocumentCodecProvider{}, CollectionCodecProvider{}, IterableCodecProvider{}, MapCodecProvider{}, GeoJsonCodecProvider{}, GridFSFileCodecProvider{}, Jsr310CodecProvider{}, JsonObjectCodecProvider{}, BsonCodecProvider{}, EnumCodecProvider{}, com.mongodb.client.model.mql.ExpressionCodecProvider@65259c53, com.mongodb.Jep395RecordCodecProvider@4bff28e7]}, loggerSettings=LoggerSettings{maxDocumentLength=1000}, clusterSettings={hosts=[127.0.0.1:27017], srvHost=count.4kyhw.mongodb.net, srvServiceName=mongodb, mode=MULTIPLE, requiredClusterType=REPLICA_SET, requiredReplicaSetName='atlas-4ruodb-shard-0', serverSelector='null', clusterListeners='[]', serverSelectionTimeout='30000 ms', localThreshold='30000 ms'}, socketSettings=SocketSettings{connectTimeoutMS=10000, readTimeoutMS=0, receiveBufferSize=0, sendBufferSize=0}, heartbeatSocketSettings=SocketSettings{connectTimeoutMS=10000, readTimeoutMS=10000, receiveBufferSize=0, sendBufferSize=0}, connectionPoolSettings=ConnectionPoolSettings{maxSize=100, minSize=0, maxWaitTimeMS=120000, maxConnectionLifeTimeMS=0, maxConnectionIdleTimeMS=0, maintenanceInitialDelayMS=0, maintenanceFrequencyMS=60000, connectionPoolListeners=[], maxConnecting=2}, serverSettings=ServerSettings{heartbeatFrequencyMS=10000, minHeartbeatFrequencyMS=500, serverListeners='[]', serverMonitorListeners='[]'}, sslSettings=SslSettings{enabled=true, invalidHostNameAllowed=false, context=null}, applicationName='null', compressorList=[], uuidRepresentation=JAVA_LEGACY, serverApi=null, autoEncryptionSettings=null, contextProvider=null}
2024-10-25T20:00:15.656+05:30  INFO 11816 --- [yhw.mongodb.net] org.mongodb.driver.cluster               : Adding discovered server count-shard-00-02.4kyhw.mongodb.net:27017 to client view of cluster
2024-10-25T20:00:15.659+05:30  INFO 11816 --- [yhw.mongodb.net] org.mongodb.driver.cluster               : Adding discovered server count-shard-00-01.4kyhw.mongodb.net:27017 to client view of cluster
2024-10-25T20:00:17.176+05:30  INFO 11816 --- [ngodb.net:27017] org.mongodb.driver.cluster               : Monitor thread successfully connected to server with description ServerDescription{address=count-shard-00-00.4kyhw.mongodb.net:27017, type=REPLICA_SET_SECONDARY, state=CONNECTED, ok=true, minWireVersion=0, maxWireVersion=21, maxDocumentSize=16777216, logicalSessionTimeoutMinutes=30, roundTripTimeNanos=750997000, setName='atlas-4ruodb-shard-0', canonicalAddress=count-shard-00-00.4kyhw.mongodb.net:27017, hosts=[count-shard-00-02.4kyhw.mongodb.net:27017, count-shard-00-01.4kyhw.mongodb.net:27017, count-shard-00-00.4kyhw.mongodb.net:27017], passives=[], arbiters=[], primary='count-shard-00-01.4kyhw.mongodb.net:27017', tagSet=TagSet{[Tag{name='availabilityZone', value='aps1-az1'}, Tag{name='diskState', value='READY'}, Tag{name='nodeType', value='ELECTABLE'}, Tag{name='provider', value='AWS'}, Tag{name='region', value='AP_SOUTH_1'}, Tag{name='workloadType', value='OPERATIONAL'}]}, electionId=null, setVersion=141, topologyVersion=TopologyVersion{processId=671aadafcb280319aa23de25, counter=4}, lastWriteDate=Fri Oct 25 20:00:17 IST 2024, lastUpdateTimeNanos=121050704100400}
2024-10-25T20:00:17.177+05:30  INFO 11816 --- [ngodb.net:27017] org.mongodb.driver.cluster               : Monitor thread successfully connected to server with description ServerDescription{address=count-shard-00-02.4kyhw.mongodb.net:27017, type=REPLICA_SET_SECONDARY, state=CONNECTED, ok=true, minWireVersion=0, maxWireVersion=21, maxDocumentSize=16777216, logicalSessionTimeoutMinutes=30, roundTripTimeNanos=751793400, setName='atlas-4ruodb-shard-0', canonicalAddress=count-shard-00-02.4kyhw.mongodb.net:27017, hosts=[count-shard-00-02.4kyhw.mongodb.net:27017, count-shard-00-01.4kyhw.mongodb.net:27017, count-shard-00-00.4kyhw.mongodb.net:27017], passives=[], arbiters=[], primary='count-shard-00-01.4kyhw.mongodb.net:27017', tagSet=TagSet{[Tag{name='availabilityZone', value='aps1-az2'}, Tag{name='diskState', value='READY'}, Tag{name='nodeType', value='ELECTABLE'}, Tag{name='provider', value='AWS'}, Tag{name='region', value='AP_SOUTH_1'}, Tag{name='workloadType', value='OPERATIONAL'}]}, electionId=null, setVersion=141, topologyVersion=TopologyVersion{processId=671aaefe0e962262fcdb2e4a, counter=3}, lastWriteDate=Fri Oct 25 20:00:17 IST 2024, lastUpdateTimeNanos=121050704778100}
2024-10-25T20:00:17.177+05:30  INFO 11816 --- [ngodb.net:27017] org.mongodb.driver.cluster               : Monitor thread successfully connected to server with description ServerDescription{address=count-shard-00-01.4kyhw.mongodb.net:27017, type=REPLICA_SET_PRIMARY, state=CONNECTED, ok=true, minWireVersion=0, maxWireVersion=21, maxDocumentSize=16777216, logicalSessionTimeoutMinutes=30, roundTripTimeNanos=751510100, setName='atlas-4ruodb-shard-0', canonicalAddress=count-shard-00-01.4kyhw.mongodb.net:27017, hosts=[count-shard-00-02.4kyhw.mongodb.net:27017, count-shard-00-01.4kyhw.mongodb.net:27017, count-shard-00-00.4kyhw.mongodb.net:27017], passives=[], arbiters=[], primary='count-shard-00-01.4kyhw.mongodb.net:27017', tagSet=TagSet{[Tag{name='availabilityZone', value='aps1-az3'}, Tag{name='diskState', value='READY'}, Tag{name='nodeType', value='ELECTABLE'}, Tag{name='provider', value='AWS'}, Tag{name='region', value='AP_SOUTH_1'}, Tag{name='workloadType', value='OPERATIONAL'}]}, electionId=7fffffff00000000000000af, setVersion=141, topologyVersion=TopologyVersion{processId=671aace57642a09827ad28fe, counter=6}, lastWriteDate=Fri Oct 25 20:00:17 IST 2024, lastUpdateTimeNanos=121050704588800}
2024-10-25T20:00:17.190+05:30  INFO 11816 --- [ngodb.net:27017] org.mongodb.driver.cluster               : Discovered replica set primary count-shard-00-01.4kyhw.mongodb.net:27017 with max election id 7fffffff00000000000000af and max set version 141
2024-10-25T20:00:17.552+05:30  WARN 11816 --- [           main] JpaBaseConfiguration$JpaWebConfiguration : spring.jpa.open-in-view is enabled by default. Therefore, database queries may be performed during view rendering. Explicitly configure spring.jpa.open-in-view to disable this warning
2024-10-25T20:00:18.920+05:30  INFO 11816 --- [           main] o.s.s.web.DefaultSecurityFilterChain     : Will secure any request with [org.springframework.security.web.session.DisableEncodeUrlFilter@2fc0ad21, org.springframework.security.web.context.request.async.WebAsyncManagerIntegrationFilter@639cb0c8, org.springframework.security.web.context.SecurityContextHolderFilter@4cd1716d, org.springframework.security.web.header.HeaderWriterFilter@56b48163, org.springframework.security.web.csrf.CsrfFilter@18fa5af6, org.springframework.security.web.authentication.logout.LogoutFilter@2ba0b95f, org.springframework.security.web.authentication.UsernamePasswordAuthenticationFilter@7c8a91e2, org.springframework.security.web.authentication.ui.DefaultLoginPageGeneratingFilter@394b9e22, org.springframework.security.web.authentication.ui.DefaultLogoutPageGeneratingFilter@65d2d3cc, org.springframework.security.web.authentication.www.BasicAuthenticationFilter@4a10c019, org.springframework.security.web.savedrequest.RequestCacheAwareFilter@6f7a65e, org.springframework.security.web.servletapi.SecurityContextHolderAwareRequestFilter@96c840a, org.springframework.security.web.authentication.AnonymousAuthenticationFilter@5382a35f, org.springframework.security.web.access.ExceptionTranslationFilter@b6b746b, org.springframework.security.web.access.intercept.AuthorizationFilter@6761f75b]
2024-10-25T20:00:19.015+05:30  INFO 11816 --- [           main] c.M.Count_it.CountItApplicationTests     : Started CountItApplicationTests in 11.477 seconds (process running for 19.893)
]]></system-out>
    <system-err><![CDATA[WARNING: A Java agent has been loaded dynamically (C:\Users\abhin\.m2\repository\net\bytebuddy\byte-buddy-agent\1.14.8\byte-buddy-agent-1.14.8.jar)
WARNING: If a serviceability tool is in use, please run with -XX:+EnableDynamicAgentLoading to hide this warning
WARNING: If a serviceability tool is not in use, please run with -Djdk.instrument.traceUsage for more information
WARNING: Dynamic loading of agents will be disallowed by default in a future release
]]></system-err>
  </testcase>
</testsuite>